{"name": "Клик по кнопке показать/скрыть пароль", "status": "broken", "statusDetails": {"message": "selenium.common.exceptions.TimeoutException: Message:", "trace": "self = <tests.test_password_recovery.TestPasswordRecovery object at 0x000001CB4EBE3E30>\nbrowser = <selenium.webdriver.chrome.webdriver.WebDriver (session=\"8061547b1e97257c4da0a0eb082cf527\")>\nfor_recovery_password = <pages.password_recovery_page.PasswordRecoveryPage object at 0x000001CB4EBE7230>\n\n    @allure.title('Клик по кнопке показать/скрыть пароль')\n    def test_show_activates_password_field(self, browser, for_recovery_password):\n        recovery_page = for_recovery_password\n        recovery_page.open(LOGIN)\n        recovery_page.click_recovery_button()\n        recovery_page.send_text_email()\n        recovery_page.click_recovery_button()\n>       recovery_page.wait_for_page_load(RESET_PASSWORD)\n\ntests\\test_password_recovery.py:29: \n_ _ _ _ _ _ _ _ _ _ _ _ _ _ _ _ _ _ _ _ _ _ _ _ _ _ _ _ _ _ _ _ _ _ _ _ _ _ _ _ _ _ _ _ _ _ _ _ _ _ _ _ _ _ _ _ _ _ _ _ _ _ _ _ _ _ _ _ _ _ _ _ _ _ _ _ _ _ _ _ _ _ _ _ _ _ _ _ _ \npages\\base_page.py:27: in wait_for_page_load\n    WebDriverWait(self.browser, 10).until(EC.url_to_be(url))\n_ _ _ _ _ _ _ _ _ _ _ _ _ _ _ _ _ _ _ _ _ _ _ _ _ _ _ _ _ _ _ _ _ _ _ _ _ _ _ _ _ _ _ _ _ _ _ _ _ _ _ _ _ _ _ _ _ _ _ _ _ _ _ _ _ _ _ _ _ _ _ _ _ _ _ _ _ _ _ _ _ _ _ _ _ _ _ _ _ \n\nself = <selenium.webdriver.support.wait.WebDriverWait (session=\"8061547b1e97257c4da0a0eb082cf527\")>, method = <function url_to_be.<locals>._predicate at 0x000001CB4ED3D800>\nmessage = ''\n\n    def until(self, method: Callable[[D], Union[Literal[False], T]], message: str = \"\") -> T:\n        \"\"\"Wait until the method returns a value that is not False.\n    \n        Calls the method provided with the driver as an argument until the\n        return value does not evaluate to ``False``.\n    \n        Parameters:\n        -----------\n        method: callable(WebDriver)\n            - A callable object that takes a WebDriver instance as an argument.\n    \n        message: str\n            - Optional message for :exc:`TimeoutException`\n    \n        Return:\n        -------\n        object: T\n            - The result of the last call to `method`\n    \n        Raises:\n        -------\n        TimeoutException\n            - If 'method' does not return a truthy value within the WebDriverWait\n            object's timeout\n    \n        Example:\n        --------\n        >>> from selenium.webdriver.common.by import By\n        >>> from selenium.webdriver.support.ui import WebDriverWait\n        >>> from selenium.webdriver.support import expected_conditions as EC\n    \n        # Wait until an element is visible on the page\n        >>> wait = WebDriverWait(driver, 10)\n        >>> element = wait.until(EC.visibility_of_element_located((By.ID, \"exampleId\")))\n        >>> print(element.text)\n        \"\"\"\n        screen = None\n        stacktrace = None\n    \n        end_time = time.monotonic() + self._timeout\n        while True:\n            try:\n                value = method(self._driver)\n                if value:\n                    return value\n            except self._ignored_exceptions as exc:\n                screen = getattr(exc, \"screen\", None)\n                stacktrace = getattr(exc, \"stacktrace\", None)\n            if time.monotonic() > end_time:\n                break\n            time.sleep(self._poll)\n>       raise TimeoutException(message, screen, stacktrace)\nE       selenium.common.exceptions.TimeoutException: Message:\n\n.venv\\Lib\\site-packages\\selenium\\webdriver\\support\\wait.py:146: TimeoutException"}, "steps": [{"name": "Открывает главную страницу", "status": "passed", "parameters": [{"name": "url", "value": "'https://stellarburgers.nomoreparties.site/login'"}], "start": 1747602948901, "stop": 1747602949825}, {"name": "Нажимает на кнопку Восстановить", "status": "passed", "steps": [{"name": "Клик по элементу", "status": "passed", "steps": [{"name": "Метод для поиска элемента", "status": "passed", "steps": [{"name": "Поиск элемента", "status": "passed", "parameters": [{"name": "locator", "value": "('css selector', '.button_button__33qZ0')"}], "start": 1747602949837, "stop": 1747602949841}], "parameters": [{"name": "locator", "value": "('css selector', '.button_button__33qZ0')"}], "start": 1747602949825, "stop": 1747602949841}], "parameters": [{"name": "locator", "value": "('css selector', '.button_button__33qZ0')"}], "start": 1747602949825, "stop": 1747602950027}], "start": 1747602949825, "stop": 1747602950027}, {"name": "Ввод email в поле", "status": "passed", "steps": [{"name": "Ввода данных", "status": "passed", "steps": [{"name": "Метод для поиска элемента", "status": "passed", "steps": [{"name": "Поиск элемента", "status": "passed", "parameters": [{"name": "locator", "value": "('css selector', 'input.text')"}], "start": 1747602950039, "stop": 1747602950043}], "parameters": [{"name": "locator", "value": "('css selector', 'input.text')"}], "start": 1747602950027, "stop": 1747602950043}], "parameters": [{"name": "locator", "value": "('css selector', 'input.text')"}, {"name": "text", "value": "'mr.zaur94@yandex.ru'"}], "start": 1747602950027, "stop": 1747602950086}], "start": 1747602950027, "stop": 1747602950086}, {"name": "Нажимает на кнопку Восстановить", "status": "passed", "steps": [{"name": "Клик по элементу", "status": "passed", "steps": [{"name": "Метод для поиска элемента", "status": "passed", "steps": [{"name": "Поиск элемента", "status": "passed", "parameters": [{"name": "locator", "value": "('css selector', '.button_button__33qZ0')"}], "start": 1747602950097, "stop": 1747602950101}], "parameters": [{"name": "locator", "value": "('css selector', '.button_button__33qZ0')"}], "start": 1747602950086, "stop": 1747602950101}], "parameters": [{"name": "locator", "value": "('css selector', '.button_button__33qZ0')"}], "start": 1747602950086, "stop": 1747602950271}], "start": 1747602950086, "stop": 1747602950271}, {"name": "Ожидание загрузки страницы", "status": "broken", "statusDetails": {"message": "selenium.common.exceptions.TimeoutException: Message: \n\n", "trace": "  File \"C:\\Users\\mrzau\\Diplom\\Diplom_3\\.venv\\Lib\\site-packages\\allure_commons\\_allure.py\", line 202, in impl\n    return func(*a, **kw)\n  File \"C:\\Users\\mrzau\\Diplom\\Diplom_3\\pages\\base_page.py\", line 27, in wait_for_page_load\n    WebDriverWait(self.browser, 10).until(EC.url_to_be(url))\n    ~~~~~~~~~~~~~~~~~~~~~~~~~~~~~~~~~~~~~^^^^^^^^^^^^^^^^^^^\n  File \"C:\\Users\\mrzau\\Diplom\\Diplom_3\\.venv\\Lib\\site-packages\\selenium\\webdriver\\support\\wait.py\", line 146, in until\n    raise TimeoutException(message, screen, stacktrace)\n"}, "parameters": [{"name": "url", "value": "'https://stellarburgers.nomoreparties.site/reset-password'"}], "start": 1747602950271, "stop": 1747602960596}], "parameters": [{"name": "browser", "value": "'chrome'"}], "start": 1747602948900, "stop": 1747602960597, "uuid": "5b3553a0-10db-4d3f-b624-4075e2c243a1", "historyId": "a06a6e392f5fba24ef4b0f3d8a5ea746", "testCaseId": "3e5843994c04fd1e9d271614712028e0", "fullName": "tests.test_password_recovery.TestPasswordRecovery#test_show_activates_password_field", "labels": [{"name": "parentSuite", "value": "tests"}, {"name": "suite", "value": "test_password_recovery"}, {"name": "subSuite", "value": "TestPasswordRecovery"}, {"name": "host", "value": "MSI"}, {"name": "thread", "value": "22656-MainThread"}, {"name": "framework", "value": "pytest"}, {"name": "language", "value": "cpython3"}, {"name": "package", "value": "tests.test_password_recovery"}]}