{"name": "test_count_ingredient_when_ingredient_added[firefox]", "status": "broken", "statusDetails": {"message": "selenium.common.exceptions.TimeoutException: Message: \nStacktrace:\nRemoteError@chrome://remote/content/shared/RemoteError.sys.mjs:8:8\nWebDriverError@chrome://remote/content/shared/webdriver/Errors.sys.mjs:199:5\nNoSuchElementError@chrome://remote/content/shared/webdriver/Errors.sys.mjs:552:5\ndom.find/</<@chrome://remote/content/shared/DOM.sys.mjs:136:16", "trace": "self = <tests.test_constructor.TestConstructor object at 0x000001CB4EBA9550>\nbrowser = <selenium.webdriver.firefox.webdriver.WebDriver (session=\"af3e7515-8905-4f5b-bd9a-40ddd25905d2\")>\nfor_constructor = (<Response [200]>, 'katelyngreen@example.org', '8+1SpqFE@E', <pages.authorization_page.AuthorizationPage object at 0x0...page.ConstructorPage object at 0x000001CB4EC067A0>, <pages.order_feed_page.OrderFeedPage object at 0x000001CB4EC06E00>)\n\n    @allure.step('При добавлении ингредиента, счётчик этого ингредиента увеличивается')\n    def test_count_ingredient_when_ingredient_added(self, browser, for_constructor):\n        _, _, _, _, constructor, _ = for_constructor\n        constructor.open()\n        ingredient = constructor.get_ingredient()\n        burger_constructor = constructor.get_burger_constructor()\n        constructor.drag_and_drop_element(ingredient, burger_constructor)\n>       assert constructor.get_ingredient_count() == \"2\"\n\ntests\\test_constructor.py:35: \n_ _ _ _ _ _ _ _ _ _ _ _ _ _ _ _ _ _ _ _ _ _ _ _ _ _ _ _ _ _ _ _ _ _ _ _ _ _ _ _ _ _ _ _ _ _ _ _ _ _ _ _ _ _ _ _ _ _ _ _ _ _ _ _ _ _ _ _ _ _ _ _ _ _ _ _ _ _ _ _ _ _ _ _ _ _ _ _ _ \npages\\constructor_page.py:25: in get_ingredient_count\n    return self.get_element_text(count_ingredient)\npages\\base_page.py:63: in get_element_text\n    return self.find(locator).text\npages\\base_page.py:35: in find\n    self.wait.until(EC.visibility_of_element_located(locator))\n_ _ _ _ _ _ _ _ _ _ _ _ _ _ _ _ _ _ _ _ _ _ _ _ _ _ _ _ _ _ _ _ _ _ _ _ _ _ _ _ _ _ _ _ _ _ _ _ _ _ _ _ _ _ _ _ _ _ _ _ _ _ _ _ _ _ _ _ _ _ _ _ _ _ _ _ _ _ _ _ _ _ _ _ _ _ _ _ _ \n\nself = <selenium.webdriver.support.wait.WebDriverWait (session=\"af3e7515-8905-4f5b-bd9a-40ddd25905d2\")>\nmethod = <function visibility_of_element_located.<locals>._predicate at 0x000001CB4EBF5E40>, message = ''\n\n    def until(self, method: Callable[[D], Union[Literal[False], T]], message: str = \"\") -> T:\n        \"\"\"Wait until the method returns a value that is not False.\n    \n        Calls the method provided with the driver as an argument until the\n        return value does not evaluate to ``False``.\n    \n        Parameters:\n        -----------\n        method: callable(WebDriver)\n            - A callable object that takes a WebDriver instance as an argument.\n    \n        message: str\n            - Optional message for :exc:`TimeoutException`\n    \n        Return:\n        -------\n        object: T\n            - The result of the last call to `method`\n    \n        Raises:\n        -------\n        TimeoutException\n            - If 'method' does not return a truthy value within the WebDriverWait\n            object's timeout\n    \n        Example:\n        --------\n        >>> from selenium.webdriver.common.by import By\n        >>> from selenium.webdriver.support.ui import WebDriverWait\n        >>> from selenium.webdriver.support import expected_conditions as EC\n    \n        # Wait until an element is visible on the page\n        >>> wait = WebDriverWait(driver, 10)\n        >>> element = wait.until(EC.visibility_of_element_located((By.ID, \"exampleId\")))\n        >>> print(element.text)\n        \"\"\"\n        screen = None\n        stacktrace = None\n    \n        end_time = time.monotonic() + self._timeout\n        while True:\n            try:\n                value = method(self._driver)\n                if value:\n                    return value\n            except self._ignored_exceptions as exc:\n                screen = getattr(exc, \"screen\", None)\n                stacktrace = getattr(exc, \"stacktrace\", None)\n            if time.monotonic() > end_time:\n                break\n            time.sleep(self._poll)\n>       raise TimeoutException(message, screen, stacktrace)\nE       selenium.common.exceptions.TimeoutException: Message: \nE       Stacktrace:\nE       RemoteError@chrome://remote/content/shared/RemoteError.sys.mjs:8:8\nE       WebDriverError@chrome://remote/content/shared/webdriver/Errors.sys.mjs:199:5\nE       NoSuchElementError@chrome://remote/content/shared/webdriver/Errors.sys.mjs:552:5\nE       dom.find/</<@chrome://remote/content/shared/DOM.sys.mjs:136:16\n\n.venv\\Lib\\site-packages\\selenium\\webdriver\\support\\wait.py:146: TimeoutException"}, "steps": [{"name": "При добавлении ингредиента, счётчик этого ингредиента увеличивается", "status": "broken", "statusDetails": {"message": "selenium.common.exceptions.TimeoutException: Message: \nStacktrace:\nRemoteError@chrome://remote/content/shared/RemoteError.sys.mjs:8:8\nWebDriverError@chrome://remote/content/shared/webdriver/Errors.sys.mjs:199:5\nNoSuchElementError@chrome://remote/content/shared/webdriver/Errors.sys.mjs:552:5\ndom.find/</<@chrome://remote/content/shared/DOM.sys.mjs:136:16\n\n", "trace": "  File \"C:\\Users\\mrzau\\Diplom\\Diplom_3\\.venv\\Lib\\site-packages\\allure_commons\\_allure.py\", line 202, in impl\n    return func(*a, **kw)\n  File \"C:\\Users\\mrzau\\Diplom\\Diplom_3\\tests\\test_constructor.py\", line 35, in test_count_ingredient_when_ingredient_added\n    assert constructor.get_ingredient_count() == \"2\"\n           ~~~~~~~~~~~~~~~~~~~~~~~~~~~~~~~~^^\n  File \"C:\\Users\\mrzau\\Diplom\\Diplom_3\\.venv\\Lib\\site-packages\\allure_commons\\_allure.py\", line 202, in impl\n    return func(*a, **kw)\n  File \"C:\\Users\\mrzau\\Diplom\\Diplom_3\\pages\\constructor_page.py\", line 25, in get_ingredient_count\n    return self.get_element_text(count_ingredient)\n           ~~~~~~~~~~~~~~~~~~~~~^^^^^^^^^^^^^^^^^^\n  File \"C:\\Users\\mrzau\\Diplom\\Diplom_3\\.venv\\Lib\\site-packages\\allure_commons\\_allure.py\", line 202, in impl\n    return func(*a, **kw)\n  File \"C:\\Users\\mrzau\\Diplom\\Diplom_3\\pages\\base_page.py\", line 63, in get_element_text\n    return self.find(locator).text\n           ~~~~~~~~~^^^^^^^^^\n  File \"C:\\Users\\mrzau\\Diplom\\Diplom_3\\.venv\\Lib\\site-packages\\allure_commons\\_allure.py\", line 202, in impl\n    return func(*a, **kw)\n  File \"C:\\Users\\mrzau\\Diplom\\Diplom_3\\pages\\base_page.py\", line 35, in find\n    self.wait.until(EC.visibility_of_element_located(locator))\n    ~~~~~~~~~~~~~~~^^^^^^^^^^^^^^^^^^^^^^^^^^^^^^^^^^^^^^^^^^^\n  File \"C:\\Users\\mrzau\\Diplom\\Diplom_3\\.venv\\Lib\\site-packages\\selenium\\webdriver\\support\\wait.py\", line 146, in until\n    raise TimeoutException(message, screen, stacktrace)\n"}, "steps": [{"name": "Открывает главную страницу", "status": "passed", "parameters": [{"name": "url", "value": "None"}], "start": 1747602730446, "stop": 1747602730849}, {"name": "Возвращает ингредиент", "status": "passed", "steps": [{"name": "Метод для поиска элемента", "status": "passed", "steps": [{"name": "Поиск элемента", "status": "passed", "parameters": [{"name": "locator", "value": "('xpath', \"*//a[@href='/ingredient/61c0c5a71d1f82001bdaaa6d']\")"}], "start": 1747602730882, "stop": 1747602730885}], "parameters": [{"name": "locator", "value": "('xpath', \"*//a[@href='/ingredient/61c0c5a71d1f82001bdaaa6d']\")"}], "start": 1747602730850, "stop": 1747602730885}], "start": 1747602730849, "stop": 1747602730885}, {"name": "Возвращает конструктор бургера", "status": "passed", "steps": [{"name": "Метод для поиска элемента", "status": "passed", "steps": [{"name": "Поиск элемента", "status": "passed", "parameters": [{"name": "locator", "value": "('xpath', '//ul[contains(@class, \"BurgerConstructor_basket__list__\")]')"}], "start": 1747602730894, "stop": 1747602730896}], "parameters": [{"name": "locator", "value": "('xpath', '//ul[contains(@class, \"BurgerConstructor_basket__list__\")]')"}], "start": 1747602730886, "stop": 1747602730896}], "start": 1747602730886, "stop": 1747602730896}, {"name": "Перетаскивает элемент из одного места в другое", "status": "passed", "parameters": [{"name": "source", "value": "<selenium.webdriver.remote.webelement.WebElement (session=\"af3e7515-8905-4f5b-bd9a-40ddd25905d2\", element=\"60818709-339a-4d4b-9121-f9a786468859\")>"}, {"name": "target", "value": "<selenium.webdriver.remote.webelement.WebElement (session=\"af3e7515-8905-4f5b-bd9a-40ddd25905d2\", element=\"fc82696a-2c11-46e7-961b-4853d071ff27\")>"}], "start": 1747602730896, "stop": 1747602731431}, {"name": "Возвращает количество ингредиентов", "status": "broken", "statusDetails": {"message": "selenium.common.exceptions.TimeoutException: Message: \nStacktrace:\nRemoteError@chrome://remote/content/shared/RemoteError.sys.mjs:8:8\nWebDriverError@chrome://remote/content/shared/webdriver/Errors.sys.mjs:199:5\nNoSuchElementError@chrome://remote/content/shared/webdriver/Errors.sys.mjs:552:5\ndom.find/</<@chrome://remote/content/shared/DOM.sys.mjs:136:16\n\n", "trace": "  File \"C:\\Users\\mrzau\\Diplom\\Diplom_3\\.venv\\Lib\\site-packages\\allure_commons\\_allure.py\", line 202, in impl\n    return func(*a, **kw)\n  File \"C:\\Users\\mrzau\\Diplom\\Diplom_3\\pages\\constructor_page.py\", line 25, in get_ingredient_count\n    return self.get_element_text(count_ingredient)\n           ~~~~~~~~~~~~~~~~~~~~~^^^^^^^^^^^^^^^^^^\n  File \"C:\\Users\\mrzau\\Diplom\\Diplom_3\\.venv\\Lib\\site-packages\\allure_commons\\_allure.py\", line 202, in impl\n    return func(*a, **kw)\n  File \"C:\\Users\\mrzau\\Diplom\\Diplom_3\\pages\\base_page.py\", line 63, in get_element_text\n    return self.find(locator).text\n           ~~~~~~~~~^^^^^^^^^\n  File \"C:\\Users\\mrzau\\Diplom\\Diplom_3\\.venv\\Lib\\site-packages\\allure_commons\\_allure.py\", line 202, in impl\n    return func(*a, **kw)\n  File \"C:\\Users\\mrzau\\Diplom\\Diplom_3\\pages\\base_page.py\", line 35, in find\n    self.wait.until(EC.visibility_of_element_located(locator))\n    ~~~~~~~~~~~~~~~^^^^^^^^^^^^^^^^^^^^^^^^^^^^^^^^^^^^^^^^^^^\n  File \"C:\\Users\\mrzau\\Diplom\\Diplom_3\\.venv\\Lib\\site-packages\\selenium\\webdriver\\support\\wait.py\", line 146, in until\n    raise TimeoutException(message, screen, stacktrace)\n"}, "steps": [{"name": "Получения текста элемента", "status": "broken", "statusDetails": {"message": "selenium.common.exceptions.TimeoutException: Message: \nStacktrace:\nRemoteError@chrome://remote/content/shared/RemoteError.sys.mjs:8:8\nWebDriverError@chrome://remote/content/shared/webdriver/Errors.sys.mjs:199:5\nNoSuchElementError@chrome://remote/content/shared/webdriver/Errors.sys.mjs:552:5\ndom.find/</<@chrome://remote/content/shared/DOM.sys.mjs:136:16\n\n", "trace": "  File \"C:\\Users\\mrzau\\Diplom\\Diplom_3\\.venv\\Lib\\site-packages\\allure_commons\\_allure.py\", line 202, in impl\n    return func(*a, **kw)\n  File \"C:\\Users\\mrzau\\Diplom\\Diplom_3\\pages\\base_page.py\", line 63, in get_element_text\n    return self.find(locator).text\n           ~~~~~~~~~^^^^^^^^^\n  File \"C:\\Users\\mrzau\\Diplom\\Diplom_3\\.venv\\Lib\\site-packages\\allure_commons\\_allure.py\", line 202, in impl\n    return func(*a, **kw)\n  File \"C:\\Users\\mrzau\\Diplom\\Diplom_3\\pages\\base_page.py\", line 35, in find\n    self.wait.until(EC.visibility_of_element_located(locator))\n    ~~~~~~~~~~~~~~~^^^^^^^^^^^^^^^^^^^^^^^^^^^^^^^^^^^^^^^^^^^\n  File \"C:\\Users\\mrzau\\Diplom\\Diplom_3\\.venv\\Lib\\site-packages\\selenium\\webdriver\\support\\wait.py\", line 146, in until\n    raise TimeoutException(message, screen, stacktrace)\n"}, "steps": [{"name": "Метод для поиска элемента", "status": "broken", "statusDetails": {"message": "selenium.common.exceptions.TimeoutException: Message: \nStacktrace:\nRemoteError@chrome://remote/content/shared/RemoteError.sys.mjs:8:8\nWebDriverError@chrome://remote/content/shared/webdriver/Errors.sys.mjs:199:5\nNoSuchElementError@chrome://remote/content/shared/webdriver/Errors.sys.mjs:552:5\ndom.find/</<@chrome://remote/content/shared/DOM.sys.mjs:136:16\n\n", "trace": "  File \"C:\\Users\\mrzau\\Diplom\\Diplom_3\\.venv\\Lib\\site-packages\\allure_commons\\_allure.py\", line 202, in impl\n    return func(*a, **kw)\n  File \"C:\\Users\\mrzau\\Diplom\\Diplom_3\\pages\\base_page.py\", line 35, in find\n    self.wait.until(EC.visibility_of_element_located(locator))\n    ~~~~~~~~~~~~~~~^^^^^^^^^^^^^^^^^^^^^^^^^^^^^^^^^^^^^^^^^^^\n  File \"C:\\Users\\mrzau\\Diplom\\Diplom_3\\.venv\\Lib\\site-packages\\selenium\\webdriver\\support\\wait.py\", line 146, in until\n    raise TimeoutException(message, screen, stacktrace)\n"}, "parameters": [{"name": "locator", "value": "('xpath', \"//p[@class='counter_counter__num__3nue1'][contains(., '2')]\")"}], "start": 1747602731432, "stop": 1747602751647}], "parameters": [{"name": "locator", "value": "('xpath', \"//p[@class='counter_counter__num__3nue1'][contains(., '2')]\")"}], "start": 1747602731432, "stop": 1747602751649}], "start": 1747602731432, "stop": 1747602751650}], "parameters": [{"name": "browser", "value": "<selenium.webdriver.firefox.webdriver.WebDriver (session=\"af3e7515-8905-4f5b-bd9a-40ddd25905d2\")>"}, {"name": "for_constructor", "value": "(<Response [200]>, 'katelyngreen@example.org', '8+1SpqFE@E', <pages.authorization_page.AuthorizationPage object at 0x000001CB4EC06470>, <pages.constructor_page.ConstructorPage object at 0x000001CB4EC067A0>, <pages.order_feed_page.OrderFeedPage object at 0x000001CB4EC06E00>)"}], "start": 1747602730446, "stop": 1747602751651}], "parameters": [{"name": "browser", "value": "'firefox'"}], "start": 1747602730445, "stop": 1747602751653, "uuid": "25b771b7-2947-43ff-a9b8-0af04ddf565f", "historyId": "966805d9d88f16770cb307da55f0011d", "testCaseId": "6ab99961f4b151014516770f7e4be5da", "fullName": "tests.test_constructor.TestConstructor#test_count_ingredient_when_ingredient_added", "labels": [{"name": "parentSuite", "value": "tests"}, {"name": "suite", "value": "test_constructor"}, {"name": "subSuite", "value": "TestConstructor"}, {"name": "host", "value": "MSI"}, {"name": "thread", "value": "22656-MainThread"}, {"name": "framework", "value": "pytest"}, {"name": "language", "value": "cpython3"}, {"name": "package", "value": "tests.test_constructor"}]}